7  CLASS "class"
7  IDENT "BadInit"
7  ( "("
7  ) ")"
7  { "{"
9  DEF "def"
9  IDENT "bad_init"
9  ( "("
9  ) ")"
9  { "{"
10  IDENT "rep"
10  = "="
10  INT_LIT "0"
10  ; ";"
11  IDENT "n_reps"
11  = "="
11  INT_LIT "3"
11  ; ";"
12  WHILE "while"
12  IDENT "rep"
12  < "<"
12  IDENT "n_reps"
12  { "{"
13  IF "if"
13  IDENT "rep"
13  > ">"
13  INT_LIT "0"
13  { "{"
14  IDENT "x"
14  = "="
14  IDENT "y"
14  ; ";"
15  } "}"
16  IDENT "rep"
16  = "="
16  IDENT "rep"
16  + "+"
16  INT_LIT "1"
16  ; ";"
17  IDENT "y"
17  = "="
17  INT_LIT "42"
17  ; ";"
18  } "}"
19  } "}"
20  } "}"
