10  CLASS "class"
10  IDENT "C1"
10  ( "("
10  ) ")"
10  EXTENDS "extends"
10  IDENT "Obj"
10  { "{"
11  DEF "def"
11  IDENT "foo"
11  ( "("
11  ) ")"
11  : ":"
11  IDENT "Top"
11  { "{"
12  RETURN "return"
12  IDENT "C1"
12  ( "("
12  ) ")"
12  ; ";"
13  } "}"
14  } "}"
16  CLASS "class"
16  IDENT "C2"
16  ( "("
16  ) ")"
16  EXTENDS "extends"
16  IDENT "C1"
16  { "{"
17  DEF "def"
17  IDENT "foo"
17  ( "("
17  ) ")"
17  : ":"
17  IDENT "C1"
17  { "{"
18  RETURN "return"
18  IDENT "C1"
18  ( "("
18  ) ")"
18  ; ";"
19  } "}"
20  } "}"
22  CLASS "class"
22  IDENT "C3"
22  ( "("
22  ) ")"
22  EXTENDS "extends"
22  IDENT "C2"
22  { "{"
23  DEF "def"
23  IDENT "foo"
23  ( "("
23  ) ")"
23  : ":"
23  IDENT "C2"
23  { "{"
24  RETURN "return"
24  IDENT "C2"
24  ( "("
24  ) ")"
24  ; ";"
25  } "}"
26  } "}"
28  CLASS "class"
28  IDENT "C4"
28  ( "("
28  ) ")"
28  EXTENDS "extends"
28  IDENT "C3"
28  { "{"
29  DEF "def"
29  IDENT "foo"
29  ( "("
29  ) ")"
29  : ":"
29  IDENT "C3"
29  { "{"
30  RETURN "return"
30  IDENT "C3"
30  ( "("
30  ) ")"
30  ; ";"
31  } "}"
32  } "}"
37  IDENT "x"
37  = "="
37  IDENT "C4"
37  ( "("
37  ) ")"
37  ; ";"
38  WHILE "while"
38  ( "("
38  IDENT "True"
38  ) ")"
38  { "{"
39  IDENT "x"
39  = "="
39  IDENT "x"
39  . "."
39  IDENT "foo"
39  ( "("
39  ) ")"
39  ; ";"
40  } "}"
