1  CLASS "class"
1  IDENT "Hand"
1  ( "("
1  ) ")"
1  { "{"
3  } "}"
6  CLASS "class"
6  IDENT "LeftHand"
6  ( "("
6  IDENT "x"
6  : ":"
6  IDENT "Int"
6  ) ")"
6  EXTENDS "extends"
6  IDENT "Hand"
6  { "{"
7  IDENT "this"
7  . "."
7  IDENT "x"
7  = "="
7  IDENT "x"
7  ; ";"
8  DEF "def"
8  IDENT "foo"
8  ( "("
8  ) ")"
8  : ":"
8  IDENT "Int"
8  { "{"
8  RETURN "return"
8  INT_LIT "42"
8  ; ";"
8  } "}"
9  } "}"
11  CLASS "class"
11  IDENT "RightHand"
11  ( "("
11  IDENT "x"
11  : ":"
11  IDENT "Int"
11  ) ")"
11  EXTENDS "extends"
11  IDENT "Hand"
11  { "{"
12  IDENT "this"
12  . "."
12  IDENT "x"
12  = "="
12  IDENT "x"
12  ; ";"
13  DEF "def"
13  IDENT "foo"
13  ( "("
13  ) ")"
13  : ":"
13  IDENT "Int"
13  { "{"
13  RETURN "return"
13  INT_LIT "42"
13  ; ";"
13  } "}"
14  } "}"
16  CLASS "class"
16  IDENT "Bot"
16  ( "("
16  IDENT "x"
16  : ":"
16  IDENT "Int"
16  ) ")"
16  { "{"
17  IF "if"
17  IDENT "x"
17  > ">"
17  INT_LIT "0"
17  { "{"
18  IDENT "this"
18  . "."
18  IDENT "hand"
18  = "="
18  IDENT "LeftHand"
18  ( "("
18  INT_LIT "3"
18  ) ")"
18  ; ";"
19  } "}"
19  ELSE "else"
19  { "{"
20  IDENT "this"
20  . "."
20  IDENT "hand"
20  = "="
20  IDENT "RightHand"
20  ( "("
20  INT_LIT "7"
20  ) ")"
20  ; ";"
21  } "}"
22  IDENT "this"
22  . "."
22  IDENT "answer"
22  = "="
22  IDENT "this"
22  . "."
22  IDENT "hand"
22  . "."
22  IDENT "foo"
22  ( "("
22  ) ")"
22  ; ";"
23  } "}"
