21  CLASS "class"
21  IDENT "Waterfowl"
21  ( "("
21  ) ")"
21  { "{"
23  DEF "def"
23  IDENT "not_duck_typing"
23  ( "("
23  IDENT "x"
23  : ":"
23  IDENT "Int"
23  ) ")"
23  : ":"
23  IDENT "Int"
23  { "{"
24  IF "if"
24  IDENT "x"
24  < "<"
24  INT_LIT "7"
24  { "{"
25  IDENT "a"
25  = "="
25  INT_LIT "42"
25  ; ";"
26  IDENT "b"
26  = "="
26  INT_LIT "13"
26  ; ";"
27  } "}"
27  ELSE "else"
27  { "{"
28  IDENT "a"
28  = "="
28  STRING_LIT ""forty-two""
28  ; ";"
29  IDENT "b"
29  = "="
29  STRING_LIT ""thirteen""
29  ; ";"
30  } "}"
32  IF "if"
32  IDENT "a"
32  < "<"
32  IDENT "b"
32  { "{"
33  RETURN "return"
33  INT_LIT "1"
33  ; ";"
34  } "}"
34  ELSE "else"
34  { "{"
35  RETURN "return"
35  INT_LIT "2"
35  ; ";"
36  } "}"
37  } "}"
38  } "}"
