4  CLASS "class"
4  IDENT "Pt"
4  ( "("
4  IDENT "x"
4  : ":"
4  IDENT "Int"
4  , ","
4  IDENT "y"
4  : ":"
4  IDENT "Int"
4  ) ")"
4  { "{"
5  IDENT "this"
5  . "."
5  IDENT "x"
5  = "="
5  IDENT "x"
5  ; ";"
6  IDENT "this"
6  . "."
6  IDENT "y"
6  = "="
6  IDENT "y"
6  ; ";"
14  DEF "def"
14  IDENT "_get_x"
14  ( "("
14  ) ")"
14  : ":"
14  IDENT "Int"
14  { "{"
15  RETURN "return"
15  IDENT "this"
15  . "."
15  IDENT "x"
15  ; ";"
16  } "}"
18  DEF "def"
18  IDENT "_get_y"
18  ( "("
18  ) ")"
18  : ":"
18  IDENT "Int"
18  { "{"
19  RETURN "return"
19  IDENT "this"
19  . "."
19  IDENT "y"
19  ; ";"
20  } "}"
23  DEF "def"
23  IDENT "translate"
23  ( "("
23  IDENT "dx"
23  : ":"
23  IDENT "Int"
23  , ","
23  IDENT "dy"
23  : ":"
23  IDENT "Int"
23  ) ")"
23  : ":"
23  IDENT "Nothing"
23  { "{"
24  IDENT "this"
24  . "."
24  IDENT "x"
24  = "="
24  IDENT "this"
24  . "."
24  IDENT "x"
24  + "+"
24  IDENT "dx"
24  ; ";"
25  IDENT "this"
25  . "."
25  IDENT "y"
25  = "="
25  IDENT "this"
25  . "."
25  IDENT "y"
25  + "+"
25  IDENT "dy"
25  ; ";"
26  } "}"
29  DEF "def"
29  IDENT "PLUS"
29  ( "("
29  IDENT "other"
29  : ":"
29  IDENT "Pt"
29  ) ")"
29  : ":"
29  IDENT "Pt"
29  { "{"
30  RETURN "return"
30  IDENT "Pt"
30  ( "("
30  IDENT "this"
30  . "."
30  IDENT "x"
30  + "+"
30  IDENT "other"
30  . "."
30  IDENT "x"
30  , ","
30  IDENT "this"
30  . "."
30  IDENT "y"
30  + "+"
30  IDENT "other"
30  . "."
30  IDENT "y"
30  ) ")"
30  ; ";"
31  } "}"
32  } "}"
34  IDENT "Pt"
34  ( "("
34  INT_LIT "13"
34  , ","
34  INT_LIT "42"
34  ) ")"
34  . "."
34  IDENT "PRINT"
34  ( "("
34  ) ")"
34  ; ";"
