5  CLASS "class"
5  IDENT "Robot"
5  ( "("
5  ) ")"
5  { "{"
6  IDENT "this"
6  . "."
6  IDENT "name"
6  = "="
6  STRING_LIT ""Bozotron""
6  ; ";"
7  IDENT "this"
7  . "."
7  IDENT "age"
7  = "="
7  INT_LIT "42"
7  ; ";"
8  IDENT "this"
8  . "."
8  IDENT "strength"
8  = "="
8  INT_LIT "100"
8  ; ";"
10  DEF "def"
10  IDENT "destroy_city"
10  ( "("
10  IDENT "fierceness"
10  : ":"
10  IDENT "Int"
10  ) ")"
10  { "{"
12  } "}"
13  } "}"
16  CLASS "class"
16  IDENT "SmartRobot"
16  ( "("
16  IDENT "iq"
16  : ":"
16  IDENT "Int"
16  ) ")"
16  EXTENDS "extends"
16  IDENT "Robot"
16  { "{"
17  IDENT "this"
17  . "."
17  IDENT "name"
17  = "="
17  STRING_LIT ""Einsteinitron""
17  ; ";"
18  IDENT "this"
18  . "."
18  IDENT "age"
18  = "="
18  STRING_LIT ""forty-eight""
18  ; ";"
19  IDENT "this"
19  . "."
19  IDENT "iq"
19  = "="
19  INT_LIT "2"
19  * "*"
19  IDENT "iq"
19  ; ";"
21  } "}"
