5  CLASS "class"
5  IDENT "Pt"
5  ( "("
5  IDENT "x"
5  : ":"
5  IDENT "Int"
5  , ","
5  IDENT "y"
5  : ":"
5  IDENT "Int"
5  ) ")"
5  { "{"
6  IDENT "this"
6  . "."
6  IDENT "x"
6  = "="
6  IDENT "x"
6  ; ";"
7  IDENT "this"
7  . "."
7  IDENT "y"
7  = "="
7  IDENT "y"
7  ; ";"
9  DEF "def"
9  IDENT "STR"
9  ( "("
9  ) ")"
9  : ":"
9  IDENT "String"
9  { "{"
10  RETURN "return"
10  STRING_LIT ""(""
10  + "+"
10  IDENT "this"
10  . "."
10  IDENT "x"
10  . "."
10  IDENT "STR"
10  ( "("
10  ) ")"
10  + "+"
10  STRING_LIT "",""
11  + "+"
11  IDENT "this"
11  . "."
11  IDENT "y"
11  . "."
11  IDENT "STR"
11  ( "("
11  ) ")"
11  + "+"
11  STRING_LIT "")""
11  ; ";"
12  } "}"
14  DEF "def"
14  IDENT "PLUS"
14  ( "("
14  IDENT "other"
14  : ":"
14  IDENT "Pt"
14  ) ")"
14  : ":"
14  IDENT "Pt"
14  { "{"
15  RETURN "return"
15  IDENT "Pt"
15  ( "("
15  IDENT "this"
15  . "."
15  IDENT "x"
15  + "+"
15  IDENT "other"
15  . "."
15  IDENT "x"
15  , ","
15  IDENT "this"
15  . "."
15  IDENT "y"
15  + "+"
15  IDENT "other"
15  . "."
15  IDENT "y"
15  ) ")"
15  ; ";"
16  } "}"
18  DEF "def"
18  IDENT "_x"
18  ( "("
18  ) ")"
18  : ":"
18  IDENT "Int"
18  { "{"
18  RETURN "return"
18  IDENT "this"
18  . "."
18  IDENT "x"
18  ; ";"
18  } "}"
19  DEF "def"
19  IDENT "_y"
19  ( "("
19  ) ")"
19  : ":"
19  IDENT "Int"
19  { "{"
19  RETURN "return"
19  IDENT "this"
19  . "."
19  IDENT "y"
19  ; ";"
19  } "}"
20  } "}"
22  CLASS "class"
22  IDENT "Rect"
22  ( "("
22  IDENT "ll"
22  : ":"
22  IDENT "Pt"
22  , ","
22  IDENT "ur"
22  : ":"
22  IDENT "Pt"
22  ) ")"
22  EXTENDS "extends"
22  IDENT "Obj"
22  { "{"
23  IDENT "this"
23  . "."
23  IDENT "ll"
23  = "="
23  IDENT "ll"
23  ; ";"
24  IDENT "this"
24  . "."
24  IDENT "ur"
24  = "="
24  IDENT "ur"
24  ; ";"
26  DEF "def"
26  IDENT "translate"
26  ( "("
26  IDENT "delta"
26  : ":"
26  IDENT "Pt"
26  ) ")"
26  : ":"
26  IDENT "Pt"
26  { "{"
26  RETURN "return"
26  IDENT "Rect"
26  ( "("
26  IDENT "ll"
26  + "+"
26  IDENT "Pt"
26  , ","
26  IDENT "ur"
26  + "+"
26  IDENT "Pt"
26  ) ")"
26  ; ";"
26  } "}"
28  DEF "def"
28  IDENT "STR"
28  ( "("
28  ) ")"
28  { "{"
29  IDENT "lr"
29  = "="
29  IDENT "Pt"
29  ( "("
29  IDENT "this"
29  . "."
29  IDENT "ur"
29  . "."
29  IDENT "_y"
29  ( "("
29  ) ")"
29  , ","
29  IDENT "this"
29  . "."
29  IDENT "ll"
29  . "."
29  IDENT "_x"
29  ( "("
29  ) ")"
29  ) ")"
29  ; ";"
30  IDENT "ul"
30  = "="
30  IDENT "Pt"
30  ( "("
30  IDENT "this"
30  . "."
30  IDENT "ll"
30  . "."
30  IDENT "_x"
30  ( "("
30  ) ")"
30  , ","
30  IDENT "this"
30  . "."
30  IDENT "ur"
30  . "."
30  IDENT "_y"
30  ( "("
30  ) ")"
30  ) ")"
30  ; ";"
31  RETURN "return"
31  STRING_LIT ""(""
31  + "+"
31  IDENT "this"
31  . "."
31  IDENT "ll"
31  . "."
31  IDENT "STR"
31  ( "("
31  ) ")"
31  + "+"
31  STRING_LIT "", ""
32  + "+"
32  IDENT "ul"
32  . "."
32  IDENT "STR"
32  ( "("
32  ) ")"
32  + "+"
32  STRING_LIT "",""
33  + "+"
33  IDENT "this"
33  . "."
33  IDENT "ur"
33  . "."
33  IDENT "STR"
33  ( "("
33  ) ")"
33  + "+"
33  STRING_LIT "",""
34  + "+"
34  IDENT "lr"
34  . "."
34  IDENT "STR"
34  ( "("
34  ) ")"
34  + "+"
34  STRING_LIT "")""
34  ; ";"
35  } "}"
36  } "}"
38  CLASS "class"
38  IDENT "Square"
38  ( "("
38  IDENT "ll"
38  : ":"
38  IDENT "Pt"
38  , ","
38  IDENT "side"
38  : ":"
38  IDENT "Int"
38  ) ")"
38  EXTENDS "extends"
38  IDENT "Rect"
38  { "{"
39  IDENT "this"
39  . "."
39  IDENT "ll"
39  = "="
39  IDENT "ll"
39  ; ";"
40  IDENT "this"
40  . "."
40  IDENT "ur"
40  = "="
40  IDENT "Pt"
40  ( "("
40  IDENT "this"
40  . "."
40  IDENT "ll"
40  . "."
40  IDENT "_x"
40  ( "("
40  ) ")"
40  + "+"
40  IDENT "side"
40  , ","
40  IDENT "this"
40  . "."
40  IDENT "ll"
40  . "."
40  IDENT "_y"
40  ( "("
40  ) ")"
40  + "+"
40  IDENT "side"
40  ) ")"
40  ; ";"
41  } "}"
43  IDENT "a_square"
43  = "="
43  IDENT "Square"
43  ( "("
43  IDENT "Pt"
43  ( "("
43  INT_LIT "3"
43  , ","
43  INT_LIT "3"
43  ) ")"
43  , ","
43  INT_LIT "5"
43  ) ")"
43  ; ";"
44  IDENT "a_square"
44  = "="
44  IDENT "a_square"
44  . "."
44  IDENT "translate"
44  ( "("
44  IDENT "Pt"
44  ( "("
44  INT_LIT "2"
44  , ","
44  INT_LIT "2"
44  ) ")"
44  ) ")"
44  ; ";"
45  IDENT "a_square"
45  . "."
45  IDENT "PRINT"
45  ( "("
45  ) ")"
45  ; ";"
