5  CLASS "class"
5  IDENT "Pt"
5  ( "("
5  IDENT "x"
5  : ":"
5  IDENT "Int"
5  , ","
5  IDENT "y"
5  : ":"
5  IDENT "Int"
5  ) ")"
5  EXTENDS "extends"
5  IDENT "Obj"
5  { "{"
6  IDENT "this"
6  . "."
6  IDENT "x"
6  : ":"
6  IDENT "Int"
6  = "="
6  IDENT "x"
6  ; ";"
7  IDENT "this"
7  . "."
7  IDENT "y"
7  : ":"
7  IDENT "Int"
7  = "="
7  IDENT "y"
7  ; ";"
9  DEF "def"
9  IDENT "STR"
9  ( "("
9  ) ")"
9  : ":"
9  IDENT "String"
9  { "{"
10  RETURN "return"
10  STRING_LIT ""(""
10  + "+"
10  IDENT "this"
10  . "."
10  IDENT "x"
10  . "."
10  IDENT "STR"
10  ( "("
10  ) ")"
10  + "+"
10  STRING_LIT "",""
11  + "+"
11  IDENT "this"
11  . "."
11  IDENT "y"
11  . "."
11  IDENT "STR"
11  ( "("
11  ) ")"
11  + "+"
11  STRING_LIT "")""
11  ; ";"
12  } "}"
14  DEF "def"
14  IDENT "PLUS"
14  ( "("
14  IDENT "other"
14  : ":"
14  IDENT "Pt"
14  ) ")"
14  : ":"
14  IDENT "Pt"
14  { "{"
15  RETURN "return"
15  IDENT "Pt"
15  ( "("
15  IDENT "this"
15  . "."
15  IDENT "x"
15  + "+"
15  IDENT "other"
15  . "."
15  IDENT "x"
15  , ","
15  IDENT "this"
15  . "."
15  IDENT "y"
15  + "+"
15  IDENT "other"
15  . "."
15  IDENT "y"
15  ) ")"
15  ; ";"
16  } "}"
18  DEF "def"
18  IDENT "_x"
18  ( "("
18  ) ")"
18  : ":"
18  IDENT "Int"
18  { "{"
19  RETURN "return"
19  IDENT "this"
19  . "."
19  IDENT "x"
19  ; ";"
20  } "}"
22  DEF "def"
22  IDENT "_y"
22  ( "("
22  ) ")"
22  : ":"
22  IDENT "Int"
22  { "{"
23  RETURN "return"
23  IDENT "this"
23  . "."
23  IDENT "y"
23  ; ";"
24  } "}"
25  } "}"
27  CLASS "class"
27  IDENT "Rect"
27  ( "("
27  IDENT "ll"
27  : ":"
27  IDENT "Pt"
27  , ","
27  IDENT "ur"
27  : ":"
27  IDENT "Pt"
27  ) ")"
27  EXTENDS "extends"
27  IDENT "Obj"
27  { "{"
28  IDENT "this"
28  . "."
28  IDENT "ll"
28  : ":"
28  IDENT "Pt"
28  = "="
28  IDENT "ll"
28  ; ";"
29  IDENT "this"
29  . "."
29  IDENT "ur"
29  : ":"
29  IDENT "Pt"
29  = "="
29  IDENT "ur"
29  ; ";"
31  DEF "def"
31  IDENT "translate"
31  ( "("
31  IDENT "delta"
31  : ":"
31  IDENT "Pt"
31  ) ")"
31  : ":"
31  IDENT "Pt"
31  { "{"
32  RETURN "return"
32  IDENT "Rect"
32  ( "("
32  IDENT "ll"
32  + "+"
32  IDENT "Pt"
32  , ","
32  IDENT "ur"
32  + "+"
32  IDENT "Pt"
32  ) ")"
32  ; ";"
33  } "}"
35  DEF "def"
35  IDENT "STR"
35  ( "("
35  ) ")"
35  { "{"
36  IDENT "lr"
36  = "="
36  IDENT "Pt"
36  ( "("
36  IDENT "this"
36  . "."
36  IDENT "ur"
36  . "."
36  IDENT "_y"
36  ( "("
36  ) ")"
36  , ","
36  IDENT "this"
36  . "."
36  IDENT "ll"
36  . "."
36  IDENT "_x"
36  ( "("
36  ) ")"
36  ) ")"
36  ; ";"
37  IDENT "ul"
37  = "="
37  IDENT "Pt"
37  ( "("
37  IDENT "this"
37  . "."
37  IDENT "ll"
37  . "."
37  IDENT "_x"
37  ( "("
37  ) ")"
37  , ","
37  IDENT "this"
37  . "."
37  IDENT "ur"
37  . "."
37  IDENT "_y"
37  ( "("
37  ) ")"
37  ) ")"
37  ; ";"
38  RETURN "return"
38  STRING_LIT ""(""
38  + "+"
38  IDENT "this"
38  . "."
38  IDENT "ll"
38  . "."
38  IDENT "STR"
38  ( "("
38  ) ")"
38  + "+"
38  STRING_LIT "", ""
39  + "+"
39  IDENT "ul"
39  . "."
39  IDENT "STR"
39  ( "("
39  ) ")"
39  + "+"
39  STRING_LIT "",""
40  + "+"
40  IDENT "this"
40  . "."
40  IDENT "ur"
40  . "."
40  IDENT "STR"
40  ( "("
40  ) ")"
40  + "+"
40  STRING_LIT "",""
41  + "+"
41  IDENT "lr"
41  . "."
41  IDENT "STR"
41  ( "("
41  ) ")"
41  + "+"
41  STRING_LIT "")""
41  ; ";"
42  } "}"
43  } "}"
45  CLASS "class"
45  IDENT "Square"
45  ( "("
45  IDENT "ll"
45  : ":"
45  IDENT "Pt"
45  , ","
45  IDENT "side"
45  : ":"
45  IDENT "Int"
45  ) ")"
45  EXTENDS "extends"
45  IDENT "Rect"
45  { "{"
46  IDENT "this"
46  . "."
46  IDENT "ll"
46  = "="
46  IDENT "ll"
46  ; ";"
47  IDENT "this"
47  . "."
47  IDENT "ur"
47  = "="
47  IDENT "Pt"
47  ( "("
47  IDENT "this"
47  . "."
47  IDENT "ll"
47  . "."
47  IDENT "_x"
47  ( "("
47  ) ")"
47  + "+"
47  IDENT "side"
47  , ","
47  IDENT "this"
47  . "."
47  IDENT "ll"
47  . "."
47  IDENT "_y"
47  ( "("
47  ) ")"
47  + "+"
47  IDENT "side"
47  ) ")"
47  ; ";"
48  } "}"
50  IDENT "a_square"
50  : ":"
50  IDENT "Rect"
50  = "="
50  IDENT "Square"
50  ( "("
50  IDENT "Pt"
50  ( "("
50  INT_LIT "3"
50  , ","
50  INT_LIT "3"
50  ) ")"
50  , ","
50  INT_LIT "5"
50  ) ")"
50  ; ";"
51  IDENT "a_square"
51  = "="
51  IDENT "a_square"
51  . "."
51  IDENT "translate"
51  ( "("
51  IDENT "Pt"
51  ( "("
51  INT_LIT "2"
51  , ","
51  INT_LIT "2"
51  ) ")"
51  ) ")"
51  ; ";"
52  IDENT "a_square"
52  . "."
52  IDENT "PRINT"
52  ( "("
52  ) ")"
52  ; ";"
