10  CLASS "class"
10  IDENT "C1"
10  ( "("
10  ) ")"
10  EXTENDS "extends"
10  IDENT "Obj"
10  { "{"
11  DEF "def"
11  IDENT "foo"
11  ( "("
11  ) ")"
11  : ":"
11  IDENT "Top"
11  { "{"
12  RETURN "return"
12  IDENT "Obj"
12  ( "("
12  ) ")"
12  ; ";"
13  } "}"
14  } "}"
16  CLASS "class"
16  IDENT "C2"
16  ( "("
16  ) ")"
16  EXTENDS "extends"
16  IDENT "C1"
16  { "{"
17  DEF "def"
17  IDENT "foo"
17  ( "("
17  ) ")"
17  : ":"
17  IDENT "C1"
17  { "{"
18  RETURN "return"
18  IDENT "C1"
18  ( "("
18  ) ")"
18  ; ";"
19  } "}"
20  } "}"
21  CLASS "class"
21  IDENT "C3"
21  ( "("
21  ) ")"
21  EXTENDS "extends"
21  IDENT "C2"
21  { "{"
22  DEF "def"
22  IDENT "foo"
22  ( "("
22  ) ")"
22  : ":"
22  IDENT "C2"
22  { "{"
23  RETURN "return"
23  IDENT "C2"
23  ( "("
23  ) ")"
23  ; ";"
24  } "}"
25  } "}"
27  CLASS "class"
27  IDENT "C4"
27  ( "("
27  ) ")"
27  EXTENDS "extends"
27  IDENT "C3"
27  { "{"
28  DEF "def"
28  IDENT "foo"
28  ( "("
28  ) ")"
28  : ":"
28  IDENT "C3"
28  { "{"
29  RETURN "return"
29  IDENT "C3"
29  ( "("
29  ) ")"
29  ; ";"
30  } "}"
31  } "}"
36  IDENT "x"
36  = "="
36  IDENT "C4"
36  ( "("
36  ) ")"
36  ; ";"
37  WHILE "while"
37  ( "("
37  IDENT "x"
37  EQUALS "=="
37  IDENT "x"
37  ) ")"
37  { "{"
38  IDENT "x"
38  = "="
38  IDENT "x"
38  . "."
38  IDENT "foo"
38  ( "("
38  ) ")"
38  ; ";"
39  } "}"
